<?xml version="1.0" encoding="UTF-8"?>
<testng-results skipped="0" failed="0" ignored="0" total="2" passed="2">
  <reporter-output>
  </reporter-output>
  <suite name="Default suite" duration-ms="34081" started-at="2020-09-09T15:29:09 AEST" finished-at="2020-09-09T15:29:43 AEST">
    <groups>
    </groups>
    <test name="Default test" duration-ms="34081" started-at="2020-09-09T15:29:09 AEST" finished-at="2020-09-09T15:29:43 AEST">
      <class name="Test.Tests">
        <test-method status="PASS" signature="beforeTest(java.lang.reflect.Method)[pri:0, instance:Test.Tests@1ad282e0]" name="beforeTest" is-config="true" duration-ms="11590" started-at="2020-09-09T15:29:09 AEST" finished-at="2020-09-09T15:29:20 AEST">
          <params>
            <param index="0">
              <value>
                <![CDATA[public void Test.Tests.Test() throws java.lang.InterruptedException]]>
              </value>
            </param>
          </params>
          <reporter-output>
          </reporter-output>
        </test-method> <!-- beforeTest -->
        <test-method status="PASS" signature="Test()[pri:0, instance:Test.Tests@1ad282e0]" name="Test" duration-ms="4587" started-at="2020-09-09T15:29:20 AEST" finished-at="2020-09-09T15:29:25 AEST">
          <reporter-output>
          </reporter-output>
        </test-method> <!-- Test -->
        <test-method status="PASS" signature="afterTest(org.testng.ITestResult)[pri:0, instance:Test.Tests@1ad282e0]" name="afterTest" is-config="true" duration-ms="1274" started-at="2020-09-09T15:29:25 AEST" finished-at="2020-09-09T15:29:26 AEST">
          <params>
            <param index="0">
              <value>
                <![CDATA[[TestResult name=Test status=SUCCESS method=Tests.Test()[pri:0, instance:Test.Tests@1ad282e0] output={null}]]]>
              </value>
            </param>
          </params>
          <reporter-output>
          </reporter-output>
        </test-method> <!-- afterTest -->
      </class> <!-- Test.Tests -->
      <class name="Test.Tests2">
        <test-method status="PASS" signature="beforeTest(java.lang.reflect.Method)[pri:0, instance:Test.Tests2@7f416310]" name="beforeTest" is-config="true" duration-ms="12469" started-at="2020-09-09T15:29:26 AEST" finished-at="2020-09-09T15:29:39 AEST">
          <params>
            <param index="0">
              <value>
                <![CDATA[public void Test.Tests2.Test2() throws java.lang.InterruptedException]]>
              </value>
            </param>
          </params>
          <reporter-output>
          </reporter-output>
        </test-method> <!-- beforeTest -->
        <test-method status="PASS" signature="Test2()[pri:0, instance:Test.Tests2@7f416310]" name="Test2" duration-ms="3273" started-at="2020-09-09T15:29:39 AEST" finished-at="2020-09-09T15:29:42 AEST">
          <reporter-output>
          </reporter-output>
        </test-method> <!-- Test2 -->
        <test-method status="PASS" signature="afterTest(org.testng.ITestResult)[pri:0, instance:Test.Tests2@7f416310]" name="afterTest" is-config="true" duration-ms="839" started-at="2020-09-09T15:29:42 AEST" finished-at="2020-09-09T15:29:43 AEST">
          <params>
            <param index="0">
              <value>
                <![CDATA[[TestResult name=Test2 status=SUCCESS method=Tests2.Test2()[pri:0, instance:Test.Tests2@7f416310] output={null}]]]>
              </value>
            </param>
          </params>
          <reporter-output>
          </reporter-output>
        </test-method> <!-- afterTest -->
      </class> <!-- Test.Tests2 -->
    </test> <!-- Default test -->
  </suite> <!-- Default suite -->
</testng-results>
