<?xml version="1.0" encoding="UTF-8"?>
<testng-results skipped="0" failed="0" ignored="2" total="4" passed="2">
  <reporter-output>
  </reporter-output>
  <suite name="Default suite" duration-ms="31800" started-at="2020-09-11T10:30:24 AEST" finished-at="2020-09-11T10:30:56 AEST">
    <groups>
    </groups>
    <test name="Default test" duration-ms="31800" started-at="2020-09-11T10:30:24 AEST" finished-at="2020-09-11T10:30:56 AEST">
      <class name="Test.Tests">
        <test-method status="PASS" signature="beforeTest(java.lang.reflect.Method)[pri:0, instance:Test.Tests@2473b9ce]" name="beforeTest" is-config="true" duration-ms="13678" started-at="2020-09-11T10:30:24 AEST" finished-at="2020-09-11T10:30:38 AEST">
          <params>
            <param index="0">
              <value>
                <![CDATA[public void Test.Tests.Test() throws java.lang.InterruptedException]]>
              </value>
            </param>
          </params>
          <reporter-output>
          </reporter-output>
        </test-method> <!-- beforeTest -->
        <test-method status="PASS" signature="Test()[pri:0, instance:Test.Tests@2473b9ce]" name="Test" duration-ms="3909" started-at="2020-09-11T10:30:38 AEST" finished-at="2020-09-11T10:30:42 AEST">
          <reporter-output>
          </reporter-output>
        </test-method> <!-- Test -->
        <test-method status="PASS" signature="afterTest(org.testng.ITestResult)[pri:0, instance:Test.Tests@2473b9ce]" name="afterTest" is-config="true" duration-ms="879" started-at="2020-09-11T10:30:42 AEST" finished-at="2020-09-11T10:30:42 AEST">
          <params>
            <param index="0">
              <value>
                <![CDATA[[TestResult name=Test status=SUCCESS method=Tests.Test()[pri:0, instance:Test.Tests@2473b9ce] output={null}]]]>
              </value>
            </param>
          </params>
          <reporter-output>
          </reporter-output>
        </test-method> <!-- afterTest -->
        <test-method status="FAIL" signature="afterSuite()[pri:0, instance:Test.Tests@2473b9ce]" name="afterSuite" is-config="true" duration-ms="2054" started-at="2020-09-11T10:30:56 AEST" finished-at="2020-09-11T10:30:58 AEST">
          <exception class="com.jcraft.jsch.JSchException">
            <message>
              <![CDATA[java.net.ConnectException: Connection refused: connect]]>
            </message>
            <full-stacktrace>
              <![CDATA[com.jcraft.jsch.JSchException: java.net.ConnectException: Connection refused: connect
at com.jcraft.jsch.Util.createSocket(Util.java:349)
at com.jcraft.jsch.Session.connect(Session.java:215)
at com.jcraft.jsch.Session.connect(Session.java:183)
at Test.TestBase.afterSuite(TestBase.java:104)
at sun.reflect.NativeMethodAccessorImpl.invoke0(Native Method)
at sun.reflect.NativeMethodAccessorImpl.invoke(NativeMethodAccessorImpl.java:62)
at sun.reflect.DelegatingMethodAccessorImpl.invoke(DelegatingMethodAccessorImpl.java:43)
at java.lang.reflect.Method.invoke(Method.java:498)
at org.testng.internal.MethodInvocationHelper.invokeMethod(MethodInvocationHelper.java:132)
at org.testng.internal.MethodInvocationHelper.invokeMethodConsideringTimeout(MethodInvocationHelper.java:61)
at org.testng.internal.ConfigInvoker.invokeConfigurationMethod(ConfigInvoker.java:366)
at org.testng.internal.ConfigInvoker.invokeConfigurations(ConfigInvoker.java:320)
at org.testng.SuiteRunner.privateRun(SuiteRunner.java:351)
at org.testng.SuiteRunner.run(SuiteRunner.java:286)
at org.testng.SuiteRunnerWorker.runSuite(SuiteRunnerWorker.java:53)
at org.testng.SuiteRunnerWorker.run(SuiteRunnerWorker.java:96)
at org.testng.TestNG.runSuitesSequentially(TestNG.java:1218)
at org.testng.TestNG.runSuitesLocally(TestNG.java:1140)
at org.testng.TestNG.runSuites(TestNG.java:1069)
at org.testng.TestNG.run(TestNG.java:1037)
at org.testng.remote.AbstractRemoteTestNG.run(AbstractRemoteTestNG.java:115)
at org.testng.remote.RemoteTestNG.initAndRun(RemoteTestNG.java:251)
at org.testng.remote.RemoteTestNG.main(RemoteTestNG.java:77)
Caused by: java.net.ConnectException: Connection refused: connect
at java.net.DualStackPlainSocketImpl.connect0(Native Method)
at java.net.DualStackPlainSocketImpl.socketConnect(DualStackPlainSocketImpl.java:79)
at java.net.AbstractPlainSocketImpl.doConnect(AbstractPlainSocketImpl.java:350)
at java.net.AbstractPlainSocketImpl.connectToAddress(AbstractPlainSocketImpl.java:206)
at java.net.AbstractPlainSocketImpl.connect(AbstractPlainSocketImpl.java:188)
at java.net.PlainSocketImpl.connect(PlainSocketImpl.java:172)
at java.net.SocksSocketImpl.connect(SocksSocketImpl.java:392)
at java.net.Socket.connect(Socket.java:589)
at java.net.Socket.connect(Socket.java:538)
at java.net.Socket.<init>(Socket.java:434)
at java.net.Socket.<init>(Socket.java:211)
at com.jcraft.jsch.Util.createSocket(Util.java:343)
... 22 more
]]>
            </full-stacktrace>
          </exception> <!-- com.jcraft.jsch.JSchException -->
          <reporter-output>
          </reporter-output>
        </test-method> <!-- afterSuite -->
      </class> <!-- Test.Tests -->
      <class name="Test.Tests2">
        <test-method status="PASS" signature="beforeTest(java.lang.reflect.Method)[pri:0, instance:Test.Tests2@60438a68]" name="beforeTest" is-config="true" duration-ms="8882" started-at="2020-09-11T10:30:42 AEST" finished-at="2020-09-11T10:30:51 AEST">
          <params>
            <param index="0">
              <value>
                <![CDATA[public void Test.Tests2.Test2() throws java.lang.InterruptedException]]>
              </value>
            </param>
          </params>
          <reporter-output>
          </reporter-output>
        </test-method> <!-- beforeTest -->
        <test-method status="PASS" signature="Test2()[pri:0, instance:Test.Tests2@60438a68]" name="Test2" duration-ms="3751" started-at="2020-09-11T10:30:51 AEST" finished-at="2020-09-11T10:30:55 AEST">
          <reporter-output>
          </reporter-output>
        </test-method> <!-- Test2 -->
        <test-method status="PASS" signature="afterTest(org.testng.ITestResult)[pri:0, instance:Test.Tests2@60438a68]" name="afterTest" is-config="true" duration-ms="645" started-at="2020-09-11T10:30:55 AEST" finished-at="2020-09-11T10:30:56 AEST">
          <params>
            <param index="0">
              <value>
                <![CDATA[[TestResult name=Test2 status=SUCCESS method=Tests2.Test2()[pri:0, instance:Test.Tests2@60438a68] output={null}]]]>
              </value>
            </param>
          </params>
          <reporter-output>
          </reporter-output>
        </test-method> <!-- afterTest -->
      </class> <!-- Test.Tests2 -->
    </test> <!-- Default test -->
  </suite> <!-- Default suite -->
</testng-results>
