<?xml version="1.0" encoding="UTF-8"?>
<!-- Generated by org.testng.reporters.JUnitXMLReporter -->
<testsuite hostname="NSWSYDNLP224" ignored="2" name="Default test" tests="2" failures="0" timestamp="2020-09-11T10:32:01 AEST" time="28.241" errors="0">
  <testcase name="Test" time="3.904" classname="Test.Tests"/>
  <testcase name="Test2" time="3.853" classname="Test.Tests2"/>
  <testcase name="@AfterSuite afterSuite" time="0.0" classname="Test.TestBase">
    <ignored/>
  </testcase> <!-- @AfterSuite afterSuite -->
  <testcase name="@AfterSuite afterSuite" time="0.0" classname="Test.TestBase">
    <ignored/>
  </testcase> <!-- @AfterSuite afterSuite -->
</testsuite> <!-- Default test -->
